SF:lib/presentation/pages/register_page.dart
DA:10,1
DA:12,1
DA:14,1
DA:15,1
DA:16,3
DA:17,1
DA:18,1
DA:19,1
DA:20,1
DA:23,1
DA:24,1
DA:26,1
DA:28,1
DA:29,0
DA:31,0
DA:32,0
DA:33,0
DA:34,0
DA:38,0
DA:39,0
DA:40,0
DA:41,0
DA:45,1
DA:46,1
DA:47,1
DA:50,1
DA:54,1
DA:58,1
DA:62,1
DA:66,1
DA:68,1
DA:69,1
DA:70,0
DA:71,0
DA:74,1
DA:88,1
DA:89,1
DA:90,1
DA:91,2
DA:95,0
DA:96,0
DA:97,0
DA:104,1
DA:105,1
DA:106,1
DA:107,2
DA:111,0
DA:112,0
DA:113,0
DA:120,1
DA:121,1
DA:122,1
DA:124,2
DA:127,0
DA:128,0
DA:129,0
DA:136,1
DA:137,1
DA:138,1
DA:140,2
DA:143,0
DA:144,0
DA:145,0
LF:63
LH:40
end_of_record
SF:lib/data/models/product.dart
DA:10,0
DA:18,0
DA:19,0
DA:20,0
DA:21,0
DA:22,0
DA:23,0
DA:28,0
DA:29,0
DA:30,0
DA:31,0
DA:32,0
DA:33,0
LF:13
LH:0
end_of_record
SF:lib/data/models/user.dart
DA:16,0
DA:24,0
DA:25,0
DA:26,0
DA:27,0
DA:28,0
DA:29,0
DA:34,0
DA:35,0
DA:36,0
DA:37,0
DA:38,0
DA:39,0
LF:13
LH:0
end_of_record
SF:lib/domain/repositories/product_repository_impl.dart
DA:12,0
DA:14,0
DA:19,0
DA:20,0
DA:21,0
DA:24,0
DA:25,0
DA:33,0
DA:35,0
DA:36,0
DA:38,0
DA:44,0
DA:46,0
DA:47,0
DA:48,0
DA:49,0
LF:16
LH:0
end_of_record
SF:lib/domain/repositories/user_repository_impl.dart
DA:14,0
DA:16,0
DA:21,0
DA:22,0
DA:23,0
DA:26,0
DA:27,0
DA:30,0
DA:38,0
DA:40,0
DA:41,0
DA:46,0
DA:48,0
DA:49,0
DA:50,0
DA:51,0
DA:55,0
DA:56,0
DA:61,0
DA:64,0
DA:66,0
LF:21
LH:0
end_of_record
SF:lib/main.dart
DA:10,0
DA:11,0
DA:12,0
DA:13,0
DA:14,0
DA:18,0
DA:20,0
DA:23,0
DA:26,0
LF:9
LH:0
end_of_record
SF:lib/domain/usecases/add_product_usecase.dart
DA:9,0
DA:12,0
DA:13,0
LF:3
LH:0
end_of_record
SF:lib/domain/usecases/get_products_usecase.dart
DA:9,0
DA:12,0
DA:13,0
LF:3
LH:0
end_of_record
SF:lib/domain/usecases/login_usecase.dart
DA:9,1
DA:12,0
DA:13,0
LF:3
LH:1
end_of_record
SF:lib/domain/usecases/logout_usecase.dart
DA:8,0
DA:11,0
DA:12,0
LF:3
LH:0
end_of_record
SF:lib/domain/usecases/register_usecase.dart
DA:9,1
DA:12,0
DA:13,0
LF:3
LH:1
end_of_record
SF:lib/presentation/pages/login_page.dart
DA:14,1
DA:16,1
DA:18,4
DA:19,1
DA:20,1
DA:23,1
DA:25,1
DA:26,0
DA:28,0
DA:30,0
DA:32,0
DA:33,0
DA:36,0
DA:37,0
DA:38,0
DA:39,0
DA:43,1
DA:45,1
DA:46,1
DA:49,1
DA:51,1
DA:52,1
DA:53,1
DA:57,1
DA:58,1
DA:59,1
DA:61,1
DA:63,0
DA:64,0
DA:65,1
DA:74,1
DA:75,0
DA:77,0
DA:78,0
DA:92,1
DA:93,1
DA:96,1
DA:101,0
DA:103,0
DA:111,1
DA:112,1
DA:114,1
DA:120,0
DA:122,0
LF:44
LH:26
end_of_record
SF:lib/presentation/pages/product_list_page.dart
DA:15,0
DA:17,0
DA:19,0
DA:20,0
DA:21,0
DA:22,0
DA:25,0
DA:26,0
DA:27,0
DA:28,0
DA:30,0
DA:31,0
DA:32,0
DA:41,0
DA:42,0
DA:43,0
DA:45,0
DA:46,0
DA:48,0
DA:49,0
DA:55,0
DA:58,0
DA:59,0
DA:60,0
DA:62,0
DA:63,0
DA:65,0
DA:67,0
DA:78,0
DA:79,0
DA:81,0
DA:84,0
DA:85,0
DA:88,0
DA:89,0
DA:95,0
DA:98,0
DA:100,0
DA:106,0
DA:107,0
DA:108,0
DA:109,0
DA:110,0
DA:113,0
DA:114,0
DA:115,0
DA:117,0
DA:118,0
DA:119,0
DA:124,0
DA:133,0
DA:147,0
DA:148,0
DA:151,0
DA:152,0
DA:153,0
DA:154,0
DA:155,0
DA:156,0
DA:157,0
DA:158,0
DA:159,0
DA:161,0
DA:162,0
DA:168,0
DA:169,0
DA:171,0
DA:172,0
DA:173,0
DA:175,0
DA:176,0
DA:179,0
DA:181,0
DA:182,0
DA:183,0
LF:75
LH:0
end_of_record
SF:lib/presentation/bloc/add_product/add_product_bloc.dart
DA:29,0
DA:30,0
DA:31,0
DA:32,0
DA:36,0
DA:38,0
DA:40,0
DA:42,0
DA:44,0
DA:46,0
DA:49,0
DA:50,0
DA:51,0
DA:52,0
DA:53,0
DA:54,0
DA:55,0
DA:56,0
DA:57,0
DA:58,0
DA:59,0
DA:60,0
DA:61,0
DA:62,0
DA:64,0
DA:65,0
DA:66,0
DA:67,0
DA:68,0
DA:69,0
DA:70,0
DA:71,0
DA:72,0
DA:74,0
DA:75,0
DA:76,0
DA:81,0
DA:84,0
DA:86,0
DA:88,0
LF:40
LH:0
end_of_record
SF:lib/presentation/bloc/add_product/add_product_event.dart
DA:14,0
LF:1
LH:0
end_of_record
SF:lib/presentation/bloc/login/login_bloc.dart
DA:23,0
DA:25,0
DA:27,0
DA:29,0
DA:35,3
DA:36,2
DA:40,0
DA:43,0
DA:44,0
DA:45,0
DA:46,0
DA:47,0
DA:48,0
DA:49,0
DA:51,0
DA:52,0
DA:53,0
DA:54,0
DA:56,0
DA:58,0
DA:59,0
DA:61,0
DA:65,0
DA:66,0
DA:68,0
DA:74,1
DA:75,1
LF:27
LH:4
end_of_record
SF:lib/presentation/bloc/product_list/product_list_bloc.dart
DA:20,0
DA:23,0
DA:24,0
DA:25,0
DA:29,0
DA:31,0
DA:32,0
DA:36,0
DA:38,0
DA:39,0
LF:10
LH:0
end_of_record
SF:lib/presentation/bloc/register/register_bloc.dart
DA:30,0
DA:31,0
DA:32,0
DA:33,0
DA:35,0
DA:36,0
DA:37,0
DA:38,0
DA:44,3
DA:45,2
DA:49,0
DA:51,0
DA:52,0
DA:53,0
DA:54,0
DA:55,0
DA:56,0
DA:57,0
DA:58,0
DA:59,0
DA:60,0
DA:61,0
DA:62,0
DA:63,0
DA:64,0
DA:65,0
DA:66,0
DA:67,0
DA:68,0
DA:69,0
DA:70,0
DA:71,0
DA:72,0
DA:73,0
DA:74,0
DA:75,0
DA:76,0
DA:77,0
DA:78,0
DA:80,0
DA:81,0
DA:82,0
DA:83,0
DA:84,0
DA:85,0
DA:86,0
DA:87,0
DA:88,0
DA:89,0
DA:92,0
DA:95,0
DA:96,0
DA:98,0
DA:102,0
DA:103,0
DA:104,0
DA:111,1
DA:112,1
DA:114,1
LF:59
LH:5
end_of_record
SF:lib/presentation/common_component/common_editext_view.dart
DA:27,2
DA:50,2
DA:52,2
DA:53,2
DA:55,2
DA:57,2
DA:59,2
DA:60,2
DA:61,2
DA:62,4
DA:63,0
DA:64,0
DA:65,0
DA:67,2
DA:68,4
DA:70,2
DA:71,4
DA:72,2
DA:74,0
DA:75,0
DA:77,2
DA:81,2
DA:82,2
DA:84,2
DA:89,2
DA:90,4
DA:91,2
DA:94,2
DA:95,2
DA:105,2
DA:107,2
LF:31
LH:26
end_of_record
SF:lib/presentation/pages/add_product_page.dart
DA:11,0
DA:13,0
DA:14,0
DA:15,0
DA:16,0
DA:17,0
DA:20,0
DA:22,0
DA:23,0
DA:24,0
DA:25,0
DA:28,0
DA:29,0
DA:31,0
DA:33,0
DA:35,0
DA:37,0
DA:38,0
DA:39,0
DA:40,0
DA:48,0
DA:49,0
DA:51,0
DA:52,0
DA:57,0
DA:60,0
DA:61,0
DA:62,0
DA:72,0
DA:73,0
DA:75,0
DA:78,0
DA:79,0
DA:80,0
DA:87,0
DA:88,0
DA:89,0
DA:92,0
DA:93,0
DA:94,0
DA:101,0
DA:102,0
DA:103,0
DA:106,0
DA:107,0
DA:108,0
DA:115,0
DA:116,0
DA:117,0
DA:118,0
DA:121,0
DA:123,0
DA:124,0
DA:125,0
DA:126,0
DA:127,0
DA:133,0
DA:134,0
DA:137,0
DA:139,0
DA:147,0
DA:148,0
DA:150,0
DA:151,0
DA:152,0
DA:153,0
DA:160,0
DA:163,0
DA:164,0
DA:171,0
DA:172,0
DA:173,0
DA:177,0
DA:184,0
DA:185,0
DA:186,0
LF:76
LH:0
end_of_record
